生成启动时间为 2017/12/3 22:48:37。
     1>项目“c:\Users\LQ\documents\visual studio 2010\Projects\Sort\Sort\Sort.vcxproj”在节点 2 上(build 个目标)。
     1>InitializeBuildStatus:
         正在创建“Debug\Sort.unsuccessfulbuild”，因为已指定“AlwaysCreate”。
       ClCompile:
         G:\vs2010\VC\bin\CL.exe /c /ZI /nologo /W3 /WX- /Od /Oy- /D _MBCS /Gm /EHsc /RTC1 /MDd /GS /fp:precise /Zc:wchar_t /Zc:forScope /Fo"Debug\\" /Fd"Debug\vc100.pdb" /Gd /TP /analyze- /errorReport:prompt heapSort.cpp heapsort2.cpp
         heapsort2.cpp
         heapSort.cpp
         正在生成代码...
       Link:
         G:\vs2010\VC\bin\link.exe /ERRORREPORT:PROMPT /OUT:"c:\users\lq\documents\visual studio 2010\Projects\Sort\Debug\Sort.exe" /NOLOGO kernel32.lib user32.lib gdi32.lib winspool.lib comdlg32.lib advapi32.lib shell32.lib ole32.lib oleaut32.lib uuid.lib odbc32.lib odbccp32.lib /MANIFEST /ManifestFile:"Debug\Sort.exe.intermediate.manifest" /MANIFESTUAC:"level='asInvoker' uiAccess='false'" /DEBUG /PDB:"c:\users\lq\documents\visual studio 2010\Projects\Sort\Debug\Sort.pdb" /TLBID:1 /DYNAMICBASE /NXCOMPAT /IMPLIB:"c:\users\lq\documents\visual studio 2010\Projects\Sort\Debug\Sort.lib" /MACHINE:X86 Debug\heapSort.obj
         Debug\heapsort2.obj
         LINK : 没有找到 c:\users\lq\documents\visual studio 2010\Projects\Sort\Debug\Sort.exe 或上一个增量链接没有生成它；正在执行完全链接
         Sort.vcxproj -> c:\users\lq\documents\visual studio 2010\Projects\Sort\Debug\Sort.exe
       Manifest:
         C:\Program Files (x86)\Microsoft SDKs\Windows\v7.0A\bin\mt.exe /nologo /verbose /outputresource:"c:\users\lq\documents\visual studio 2010\Projects\Sort\Debug\Sort.exe;#1" /manifest Debug\Sort.exe.intermediate.manifest
       FinalizeBuildStatus:
         正在删除文件“Debug\Sort.unsuccessfulbuild”。
         正在对“Debug\Sort.lastbuildstate”执行 Touch 任务。
     1>已完成生成项目“c:\Users\LQ\documents\visual studio 2010\Projects\Sort\Sort\Sort.vcxproj”(build 个目标)的操作。

生成成功。

已用时间 00:00:00.66
